<?xml version="1.0" encoding="UTF-8"?>
<testsuite xmlns:xsi="http://www.w3.org/2001/XMLSchema-instance" xsi:noNamespaceSchemaLocation="https://maven.apache.org/surefire/maven-surefire-plugin/xsd/surefire-test-report.xsd" version="3.0.2" name="com.example.schedulingdemo.SchedulingDemoApplicationTests" time="2.81" tests="1" errors="0" skipped="0" failures="0">
  <properties>
[...]
</properties>
  <testcase name="contextLoads" classname="com.example.schedulingdemo.SchedulingDemoApplicationTests" time="0.883">
    <system-out><![CDATA[19:19:38.024 [main] INFO org.springframework.test.context.support.AnnotationConfigContextLoaderUtils -- Could not detect default configuration classes for test class [com.example.schedulingdemo.SchedulingDemoApplicationTests]: SchedulingDemoApplicationTests does not declare any static, non-private, non-final, nested classes annotated with @Configuration.
19:19:38.196 [main] INFO org.springframework.boot.test.context.SpringBootTestContextBootstrapper -- Found @SpringBootConfiguration com.example.schedulingdemo.SchedulingDemoApplication for test class com.example.schedulingdemo.SchedulingDemoApplicationTests

  .   ____          _            __ _ _
 /\\ / ___'_ __ _ _(_)_ __  __ _ \ \ \ \
( ( )\___ | '_ | '_| | '_ \/ _` | \ \ \ \
 \\/  ___)| |_)| | | | | || (_| |  ) ) ) )
  '  |____| .__|_| |_|_| |_\__, | / / / /
 =========|_|==============|___/=/_/_/_/

 :: Spring Boot ::                (v3.5.5)

2025-09-10T19:19:38.649+05:30  INFO 77573 --- [Scheduling-Demo] [           main] c.e.s.SchedulingDemoApplicationTests     : Starting SchedulingDemoApplicationTests using Java 24.0.2 with PID 77573 (started by subodhshetty in /Users/subodhshetty/Documents/Codes/Scheduling-Demo)
2025-09-10T19:19:38.651+05:30  INFO 77573 --- [Scheduling-Demo] [           main] c.e.s.SchedulingDemoApplicationTests     : No active profile set, falling back to 1 default profile: "default"
2025-09-10T19:19:39.759+05:30  INFO 77573 --- [Scheduling-Demo] [           main] c.e.s.SchedulingDemoApplicationTests     : Started SchedulingDemoApplicationTests in 1.387 seconds (process running for 2.464)
2025-09-10T19:19:39.763+05:30  INFO 77573 --- [Scheduling-Demo] [    dyn-sched-2] c.example.schedulingdemo.ScheduledTasks  : fiveSecondsAfterFinish -> 2025-09-10T19:19:39.763566
2025-09-10T19:19:39.763+05:30  INFO 77573 --- [Scheduling-Demo] [    dyn-sched-1] c.example.schedulingdemo.ScheduledTasks  : everyFiveSeconds -> 2025-09-10T19:19:39.763567
]]></system-out>
    <system-err><![CDATA[Mockito is currently self-attaching to enable the inline-mock-maker. This will no longer work in future releases of the JDK. Please add Mockito as an agent to your build as described in Mockito's documentation: https://javadoc.io/doc/org.mockito/mockito-core/latest/org.mockito/org/mockito/Mockito.html#0.3
WARNING: A Java agent has been loaded dynamically (/Users/subodhshetty/.m2/repository/net/bytebuddy/byte-buddy-agent/1.17.7/byte-buddy-agent-1.17.7.jar)
WARNING: If a serviceability tool is in use, please run with -XX:+EnableDynamicAgentLoading to hide this warning
WARNING: If a serviceability tool is not in use, please run with -Djdk.instrument.traceUsage for more information
WARNING: Dynamic loading of agents will be disallowed by default in a future release
]]></system-err>
  </testcase>
</testsuite>